# JRE version: OpenJDK Runtime Environment Temurin-21.0.8+9 (21.0.8+9) (build 21.0.8+9-LTS)
# Java VM: OpenJDK 64-Bit Server VM Temurin-21.0.8+9 (21.0.8+9-LTS, mixed mode, sharing, tiered, compressed oops, compressed class ptrs, parallel gc, windows-amd64)
GC Precious Log:
 CardTable entry size: 512
 CPUs: 8 total, 8 available
 Memory: 7975M
 Large Page Support: Disabled
 NUMA Support: Disabled
 Compressed Oops: Enabled (32-bit)
 Alignments: Space 512K, Generation 512K, Heap 2M
 Heap Min Capacity: 100M
 Heap Initial Capacity: 100M
 Heap Max Capacity: 2G
 Pre-touch: Disabled
 Parallel Workers: 8
Heap:
 PSYoungGen      total 23552K, used 7677K [0x00000000d5580000, 0x00000000d6f80000, 0x0000000100000000)
  eden space 21504K, 27% used [0x00000000d5580000,0x00000000d5b5f770,0x00000000d6a80000)
  from space 2048K, 81% used [0x00000000d6d80000,0x00000000d6f20000,0x00000000d6f80000)
  to   space 2048K, 0% used [0x00000000d6b80000,0x00000000d6b80000,0x00000000d6d80000)
 ParOldGen       total 68608K, used 35761K [0x0000000080000000, 0x0000000084300000, 0x00000000d5580000)
  object space 68608K, 52% used [0x0000000080000000,0x00000000822ec7f8,0x0000000084300000)
 Metaspace       used 46472K, committed 47680K, reserved 1114112K
  class space    used 5027K, committed 5504K, reserved 1048576K
GC Heap History (20 events):
Event: 110.879 GC heap before
{Heap before GC invocations=17 (full 2):
 PSYoungGen      total 23040K, used 22817K [0x00000000d5580000, 0x00000000d7080000, 0x0000000100000000)
  eden space 22016K, 99% used [0x00000000d5580000,0x00000000d6acc4a0,0x00000000d6b00000)
  from space 1024K, 98% used [0x00000000d6f80000,0x00000000d707c010,0x00000000d7080000)
  to   space 2048K, 0% used [0x00000000d6c80000,0x00000000d6c80000,0x00000000d6e80000)
 ParOldGen       total 68608K, used 18354K [0x0000000080000000, 0x0000000084300000, 0x00000000d5580000)
  object space 68608K, 26% used [0x0000000080000000,0x00000000811ec980,0x0000000084300000)
 Metaspace       used 39575K, committed 40704K, reserved 1114112K
  class space    used 4188K, committed 4608K, reserved 1048576K
}
Event: 110.889 GC heap after
{Heap after GC invocations=17 (full 2):
 PSYoungGen      total 24064K, used 1357K [0x00000000d5580000, 0x00000000d7000000, 0x0000000100000000)
  eden space 22016K, 0% used [0x00000000d5580000,0x00000000d5580000,0x00000000d6b00000)
  from space 2048K, 66% used [0x00000000d6c80000,0x00000000d6dd36f0,0x00000000d6e80000)
  to   space 1536K, 0% used [0x00000000d6e80000,0x00000000d6e80000,0x00000000d7000000)
 ParOldGen       total 68608K, used 19245K [0x0000000080000000, 0x0000000084300000, 0x00000000d5580000)
  object space 68608K, 28% used [0x0000000080000000,0x00000000812cb4e8,0x0000000084300000)
 Metaspace       used 39575K, committed 40704K, reserved 1114112K
  class space    used 4188K, committed 4608K, reserved 1048576K
}
Event: 112.619 GC heap before
{Heap before GC invocations=18 (full 2):
 PSYoungGen      total 24064K, used 23373K [0x00000000d5580000, 0x00000000d7000000, 0x0000000100000000)
  eden space 22016K, 100% used [0x00000000d5580000,0x00000000d6b00000,0x00000000d6b00000)
  from space 2048K, 66% used [0x00000000d6c80000,0x00000000d6dd36f0,0x00000000d6e80000)
  to   space 1536K, 0% used [0x00000000d6e80000,0x00000000d6e80000,0x00000000d7000000)
 ParOldGen       total 68608K, used 19245K [0x0000000080000000, 0x0000000084300000, 0x00000000d5580000)
  object space 68608K, 28% used [0x0000000080000000,0x00000000812cb4e8,0x0000000084300000)
 Metaspace       used 42135K, committed 43328K, reserved 1114112K
  class space    used 4487K, committed 4992K, reserved 1048576K
}
Event: 112.638 GC heap after
{Heap after GC invocations=18 (full 2):
 PSYoungGen      total 23040K, used 1536K [0x00000000d5580000, 0x00000000d7300000, 0x0000000100000000)
  eden space 21504K, 0% used [0x00000000d5580000,0x00000000d5580000,0x00000000d6a80000)
  from space 1536K, 100% used [0x00000000d6e80000,0x00000000d7000000,0x00000000d7000000)
  to   space 4096K, 0% used [0x00000000d6a80000,0x00000000d6a80000,0x00000000d6e80000)
 ParOldGen       total 68608K, used 21170K [0x0000000080000000, 0x0000000084300000, 0x00000000d5580000)
  object space 68608K, 30% used [0x0000000080000000,0x00000000814ac918,0x0000000084300000)
 Metaspace       used 42135K, committed 43328K, reserved 1114112K
  class space    used 4487K, committed 4992K, reserved 1048576K
}
Event: 113.457 GC heap before
{Heap before GC invocations=19 (full 2):
 PSYoungGen      total 23040K, used 23040K [0x00000000d5580000, 0x00000000d7300000, 0x0000000100000000)
  eden space 21504K, 100% used [0x00000000d5580000,0x00000000d6a80000,0x00000000d6a80000)
  from space 1536K, 100% used [0x00000000d6e80000,0x00000000d7000000,0x00000000d7000000)
  to   space 4096K, 0% used [0x00000000d6a80000,0x00000000d6a80000,0x00000000d6e80000)
 ParOldGen       total 68608K, used 21170K [0x0000000080000000, 0x0000000084300000, 0x00000000d5580000)
  object space 68608K, 30% used [0x0000000080000000,0x00000000814ac918,0x0000000084300000)
 Metaspace       used 42791K, committed 43968K, reserved 1114112K
  class space    used 4562K, committed 5120K, reserved 1048576K
}
Event: 113.466 GC heap after
{Heap after GC invocations=19 (full 2):
 PSYoungGen      total 23552K, used 1856K [0x00000000d5580000, 0x00000000d6f80000, 0x0000000100000000)
  eden space 21504K, 0% used [0x00000000d5580000,0x00000000d5580000,0x00000000d6a80000)
  from space 2048K, 90% used [0x00000000d6a80000,0x00000000d6c50030,0x00000000d6c80000)
  to   space 2560K, 0% used [0x00000000d6d00000,0x00000000d6d00000,0x00000000d6f80000)
 ParOldGen       total 68608K, used 22599K [0x0000000080000000, 0x0000000084300000, 0x00000000d5580000)
  object space 68608K, 32% used [0x0000000080000000,0x0000000081611c70,0x0000000084300000)
 Metaspace       used 42791K, committed 43968K, reserved 1114112K
  class space    used 4562K, committed 5120K, reserved 1048576K
}
Event: 114.658 GC heap before
{Heap before GC invocations=20 (full 2):
 PSYoungGen      total 23552K, used 23360K [0x00000000d5580000, 0x00000000d6f80000, 0x0000000100000000)
  eden space 21504K, 100% used [0x00000000d5580000,0x00000000d6a80000,0x00000000d6a80000)
  from space 2048K, 90% used [0x00000000d6a80000,0x00000000d6c50030,0x00000000d6c80000)
  to   space 2560K, 0% used [0x00000000d6d00000,0x00000000d6d00000,0x00000000d6f80000)
 ParOldGen       total 68608K, used 22599K [0x0000000080000000, 0x0000000084300000, 0x00000000d5580000)
  object space 68608K, 32% used [0x0000000080000000,0x0000000081611c70,0x0000000084300000)
 Metaspace       used 43067K, committed 44224K, reserved 1114112K
  class space    used 4598K, committed 5120K, reserved 1048576K
}
Event: 114.670 GC heap after
{Heap after GC invocations=20 (full 2):
 PSYoungGen      total 24064K, used 2338K [0x00000000d5580000, 0x00000000d6f80000, 0x0000000100000000)
  eden space 21504K, 0% used [0x00000000d5580000,0x00000000d5580000,0x00000000d6a80000)
  from space 2560K, 91% used [0x00000000d6d00000,0x00000000d6f48810,0x00000000d6f80000)
  to   space 2560K, 0% used [0x00000000d6a80000,0x00000000d6a80000,0x00000000d6d00000)
 ParOldGen       total 68608K, used 24247K [0x0000000080000000, 0x0000000084300000, 0x00000000d5580000)
  object space 68608K, 35% used [0x0000000080000000,0x00000000817adca0,0x0000000084300000)
 Metaspace       used 43067K, committed 44224K, reserved 1114112K
  class space    used 4598K, committed 5120K, reserved 1048576K
}
Event: 115.529 GC heap before
{Heap before GC invocations=21 (full 2):
 PSYoungGen      total 24064K, used 23842K [0x00000000d5580000, 0x00000000d6f80000, 0x0000000100000000)
  eden space 21504K, 100% used [0x00000000d5580000,0x00000000d6a80000,0x00000000d6a80000)
  from space 2560K, 91% used [0x00000000d6d00000,0x00000000d6f48810,0x00000000d6f80000)
  to   space 2560K, 0% used [0x00000000d6a80000,0x00000000d6a80000,0x00000000d6d00000)
 ParOldGen       total 68608K, used 24247K [0x0000000080000000, 0x0000000084300000, 0x00000000d5580000)
  object space 68608K, 35% used [0x0000000080000000,0x00000000817adca0,0x0000000084300000)
 Metaspace       used 43970K, committed 45120K, reserved 1114112K
  class space    used 4723K, committed 5248K, reserved 1048576K
}
Event: 115.544 GC heap after
{Heap after GC invocations=21 (full 2):
 PSYoungGen      total 24064K, used 1952K [0x00000000d5580000, 0x00000000d6f80000, 0x0000000100000000)
  eden space 21504K, 0% used [0x00000000d5580000,0x00000000d5580000,0x00000000d6a80000)
  from space 2560K, 76% used [0x00000000d6a80000,0x00000000d6c68020,0x00000000d6d00000)
  to   space 2560K, 0% used [0x00000000d6d00000,0x00000000d6d00000,0x00000000d6f80000)
 ParOldGen       total 68608K, used 26393K [0x0000000080000000, 0x0000000084300000, 0x00000000d5580000)
  object space 68608K, 38% used [0x0000000080000000,0x00000000819c64c0,0x0000000084300000)
 Metaspace       used 43970K, committed 45120K, reserved 1114112K
  class space    used 4723K, committed 5248K, reserved 1048576K
}
Event: 116.108 GC heap before
{Heap before GC invocations=22 (full 2):
 PSYoungGen      total 24064K, used 23456K [0x00000000d5580000, 0x00000000d6f80000, 0x0000000100000000)
  eden space 21504K, 100% used [0x00000000d5580000,0x00000000d6a80000,0x00000000d6a80000)
  from space 2560K, 76% used [0x00000000d6a80000,0x00000000d6c68020,0x00000000d6d00000)
  to   space 2560K, 0% used [0x00000000d6d00000,0x00000000d6d00000,0x00000000d6f80000)
 ParOldGen       total 68608K, used 26393K [0x0000000080000000, 0x0000000084300000, 0x00000000d5580000)
  object space 68608K, 38% used [0x0000000080000000,0x00000000819c64c0,0x0000000084300000)
 Metaspace       used 44183K, committed 45376K, reserved 1114112K
  class space    used 4750K, committed 5248K, reserved 1048576K
}
Event: 116.116 GC heap after
{Heap after GC invocations=22 (full 2):
 PSYoungGen      total 23552K, used 2016K [0x00000000d5580000, 0x00000000d6f00000, 0x0000000100000000)
  eden space 21504K, 0% used [0x00000000d5580000,0x00000000d5580000,0x00000000d6a80000)
  from space 2048K, 98% used [0x00000000d6d00000,0x00000000d6ef8000,0x00000000d6f00000)
  to   space 2048K, 0% used [0x00000000d6b00000,0x00000000d6b00000,0x00000000d6d00000)
 ParOldGen       total 68608K, used 28181K [0x0000000080000000, 0x0000000084300000, 0x00000000d5580000)
  object space 68608K, 41% used [0x0000000080000000,0x0000000081b855f0,0x0000000084300000)
 Metaspace       used 44183K, committed 45376K, reserved 1114112K
  class space    used 4750K, committed 5248K, reserved 1048576K
}
Event: 116.525 GC heap before
{Heap before GC invocations=23 (full 2):
 PSYoungGen      total 23552K, used 23520K [0x00000000d5580000, 0x00000000d6f00000, 0x0000000100000000)
  eden space 21504K, 100% used [0x00000000d5580000,0x00000000d6a80000,0x00000000d6a80000)
  from space 2048K, 98% used [0x00000000d6d00000,0x00000000d6ef8000,0x00000000d6f00000)
  to   space 2048K, 0% used [0x00000000d6b00000,0x00000000d6b00000,0x00000000d6d00000)
 ParOldGen       total 68608K, used 28181K [0x0000000080000000, 0x0000000084300000, 0x00000000d5580000)
  object space 68608K, 41% used [0x0000000080000000,0x0000000081b855f0,0x0000000084300000)
 Metaspace       used 44325K, committed 45440K, reserved 1114112K
  class space    used 4767K, committed 5248K, reserved 1048576K
}
Event: 116.535 GC heap after
{Heap after GC invocations=23 (full 2):
 PSYoungGen      total 23552K, used 2020K [0x00000000d5580000, 0x00000000d7380000, 0x0000000100000000)
  eden space 21504K, 0% used [0x00000000d5580000,0x00000000d5580000,0x00000000d6a80000)
  from space 2048K, 98% used [0x00000000d6b00000,0x00000000d6cf9000,0x00000000d6d00000)
  to   space 4608K, 0% used [0x00000000d6f00000,0x00000000d6f00000,0x00000000d7380000)
 ParOldGen       total 68608K, used 30075K [0x0000000080000000, 0x0000000084300000, 0x00000000d5580000)
  object space 68608K, 43% used [0x0000000080000000,0x0000000081d5efa0,0x0000000084300000)
 Metaspace       used 44325K, committed 45440K, reserved 1114112K
  class space    used 4767K, committed 5248K, reserved 1048576K
}
Event: 117.142 GC heap before
{Heap before GC invocations=24 (full 2):
 PSYoungGen      total 23552K, used 23524K [0x00000000d5580000, 0x00000000d7380000, 0x0000000100000000)
  eden space 21504K, 100% used [0x00000000d5580000,0x00000000d6a80000,0x00000000d6a80000)
  from space 2048K, 98% used [0x00000000d6b00000,0x00000000d6cf9000,0x00000000d6d00000)
  to   space 4608K, 0% used [0x00000000d6f00000,0x00000000d6f00000,0x00000000d7380000)
 ParOldGen       total 68608K, used 30075K [0x0000000080000000, 0x0000000084300000, 0x00000000d5580000)
  object space 68608K, 43% used [0x0000000080000000,0x0000000081d5efa0,0x0000000084300000)
 Metaspace       used 44537K, committed 45760K, reserved 1114112K
  class space    used 4790K, committed 5312K, reserved 1048576K
}
Event: 117.156 GC heap after
{Heap after GC invocations=24 (full 2):
 PSYoungGen      total 24064K, used 2176K [0x00000000d5580000, 0x00000000d7180000, 0x0000000100000000)
  eden space 21504K, 0% used [0x00000000d5580000,0x00000000d5580000,0x00000000d6a80000)
  from space 2560K, 85% used [0x00000000d6f00000,0x00000000d7120010,0x00000000d7180000)
  to   space 3072K, 0% used [0x00000000d6b80000,0x00000000d6b80000,0x00000000d6e80000)
 ParOldGen       total 68608K, used 32017K [0x0000000080000000, 0x0000000084300000, 0x00000000d5580000)
  object space 68608K, 46% used [0x0000000080000000,0x0000000081f445d8,0x0000000084300000)
 Metaspace       used 44537K, committed 45760K, reserved 1114112K
  class space    used 4790K, committed 5312K, reserved 1048576K
}
Event: 117.881 GC heap before
{Heap before GC invocations=25 (full 2):
 PSYoungGen      total 24064K, used 23680K [0x00000000d5580000, 0x00000000d7180000, 0x0000000100000000)
  eden space 21504K, 100% used [0x00000000d5580000,0x00000000d6a80000,0x00000000d6a80000)
  from space 2560K, 85% used [0x00000000d6f00000,0x00000000d7120010,0x00000000d7180000)
  to   space 3072K, 0% used [0x00000000d6b80000,0x00000000d6b80000,0x00000000d6e80000)
 ParOldGen       total 68608K, used 32017K [0x0000000080000000, 0x0000000084300000, 0x00000000d5580000)
  object space 68608K, 46% used [0x0000000080000000,0x0000000081f445d8,0x0000000084300000)
 Metaspace       used 44754K, committed 45952K, reserved 1114112K
  class space    used 4813K, committed 5312K, reserved 1048576K
}
Event: 117.895 GC heap after
{Heap after GC invocations=25 (full 2):
 PSYoungGen      total 23552K, used 1816K [0x00000000d5580000, 0x00000000d6f80000, 0x0000000100000000)
  eden space 21504K, 0% used [0x00000000d5580000,0x00000000d5580000,0x00000000d6a80000)
  from space 2048K, 88% used [0x00000000d6b80000,0x00000000d6d46200,0x00000000d6d80000)
  to   space 2048K, 0% used [0x00000000d6d80000,0x00000000d6d80000,0x00000000d6f80000)
 ParOldGen       total 68608K, used 34025K [0x0000000080000000, 0x0000000084300000, 0x00000000d5580000)
  object space 68608K, 49% used [0x0000000080000000,0x000000008213a5f8,0x0000000084300000)
 Metaspace       used 44754K, committed 45952K, reserved 1114112K
  class space    used 4813K, committed 5312K, reserved 1048576K
}
Event: 119.945 GC heap before
{Heap before GC invocations=26 (full 2):
 PSYoungGen      total 23552K, used 23312K [0x00000000d5580000, 0x00000000d6f80000, 0x0000000100000000)
  eden space 21504K, 99% used [0x00000000d5580000,0x00000000d6a7e190,0x00000000d6a80000)
  from space 2048K, 88% used [0x00000000d6b80000,0x00000000d6d46200,0x00000000d6d80000)
  to   space 2048K, 0% used [0x00000000d6d80000,0x00000000d6d80000,0x00000000d6f80000)
 ParOldGen       total 68608K, used 34025K [0x0000000080000000, 0x0000000084300000, 0x00000000d5580000)
  object space 68608K, 49% used [0x0000000080000000,0x000000008213a5f8,0x0000000084300000)
 Metaspace       used 46071K, committed 47232K, reserved 1114112K
  class space    used 4990K, committed 5504K, reserved 1048576K
}
Event: 119.961 GC heap after
{Heap after GC invocations=26 (full 2):
 PSYoungGen      total 23552K, used 1664K [0x00000000d5580000, 0x00000000d6f80000, 0x0000000100000000)
  eden space 21504K, 0% used [0x00000000d5580000,0x00000000d5580000,0x00000000d6a80000)
  from space 2048K, 81% used [0x00000000d6d80000,0x00000000d6f20000,0x00000000d6f80000)
  to   space 2048K, 0% used [0x00000000d6b80000,0x00000000d6b80000,0x00000000d6d80000)
 ParOldGen       total 68608K, used 35761K [0x0000000080000000, 0x0000000084300000, 0x00000000d5580000)
  object space 68608K, 52% used [0x0000000080000000,0x00000000822ec7f8,0x0000000084300000)
 Metaspace       used 46071K, committed 47232K, reserved 1114112K
  class space    used 4990K, committed 5504K, reserved 1048576K
}

