# JRE version: OpenJDK Runtime Environment Temurin-21.0.8+9 (21.0.8+9) (build 21.0.8+9-LTS)
# Java VM: OpenJDK 64-Bit Server VM Temurin-21.0.8+9 (21.0.8+9-LTS, mixed mode, sharing, tiered, compressed oops, compressed class ptrs, parallel gc, windows-amd64)
GC Precious Log:
 CardTable entry size: 512
 CPUs: 8 total, 8 available
 Memory: 7975M
 Large Page Support: Disabled
 NUMA Support: Disabled
 Compressed Oops: Enabled (32-bit)
 Alignments: Space 512K, Generation 512K, Heap 2M
 Heap Min Capacity: 100M
 Heap Initial Capacity: 100M
 Heap Max Capacity: 2G
 Pre-touch: Disabled
 Parallel Workers: 8
Heap:
 PSYoungGen      total 3072K, used 1517K [0x00000000d5580000, 0x00000000d5b00000, 0x0000000100000000)
  eden space 2560K, 53% used [0x00000000d5580000,0x00000000d56d3408,0x00000000d5800000)
  from space 512K, 31% used [0x00000000d5a80000,0x00000000d5aa8000,0x00000000d5b00000)
  to   space 512K, 0% used [0x00000000d5900000,0x00000000d5900000,0x00000000d5980000)
 ParOldGen       total 560128K, used 560009K [0x0000000080000000, 0x00000000a2300000, 0x00000000d5580000)
  object space 560128K, 99% used [0x0000000080000000,0x00000000a22e2438,0x00000000a2300000)
 Metaspace       used 82119K, committed 83712K, reserved 1179648K
  class space    used 8456K, committed 9216K, reserved 1048576K
GC Heap History (20 events):
Event: 2007.201 GC heap before
{Heap before GC invocations=3458 (full 9):
 PSYoungGen      total 5632K, used 5184K [0x00000000d5580000, 0x00000000d5f00000, 0x0000000100000000)
  eden space 2560K, 100% used [0x00000000d5580000,0x00000000d5800000,0x00000000d5800000)
  from space 3072K, 85% used [0x00000000d5c00000,0x00000000d5e90000,0x00000000d5f00000)
  to   space 3072K, 0% used [0x00000000d5900000,0x00000000d5900000,0x00000000d5c00000)
 ParOldGen       total 554496K, used 554353K [0x0000000080000000, 0x00000000a1d80000, 0x00000000d5580000)
  object space 554496K, 99% used [0x0000000080000000,0x00000000a1d5c438,0x00000000a1d80000)
 Metaspace       used 82104K, committed 83712K, reserved 1179648K
  class space    used 8456K, committed 9216K, reserved 1048576K
}
Event: 2007.207 GC heap after
{Heap after GC invocations=3458 (full 9):
 PSYoungGen      total 4608K, used 1824K [0x00000000d5580000, 0x00000000d5d00000, 0x0000000100000000)
  eden space 2560K, 0% used [0x00000000d5580000,0x00000000d5580000,0x00000000d5800000)
  from space 2048K, 89% used [0x00000000d5900000,0x00000000d5ac8000,0x00000000d5b00000)
  to   space 2048K, 0% used [0x00000000d5b00000,0x00000000d5b00000,0x00000000d5d00000)
 ParOldGen       total 557056K, used 556873K [0x0000000080000000, 0x00000000a2000000, 0x00000000d5580000)
  object space 557056K, 99% used [0x0000000080000000,0x00000000a1fd2438,0x00000000a2000000)
 Metaspace       used 82104K, committed 83712K, reserved 1179648K
  class space    used 8456K, committed 9216K, reserved 1048576K
}
Event: 2007.413 GC heap before
{Heap before GC invocations=3459 (full 9):
 PSYoungGen      total 4608K, used 4384K [0x00000000d5580000, 0x00000000d5d00000, 0x0000000100000000)
  eden space 2560K, 100% used [0x00000000d5580000,0x00000000d5800000,0x00000000d5800000)
  from space 2048K, 89% used [0x00000000d5900000,0x00000000d5ac8000,0x00000000d5b00000)
  to   space 2048K, 0% used [0x00000000d5b00000,0x00000000d5b00000,0x00000000d5d00000)
 ParOldGen       total 557056K, used 556873K [0x0000000080000000, 0x00000000a2000000, 0x00000000d5580000)
  object space 557056K, 99% used [0x0000000080000000,0x00000000a1fd2438,0x00000000a2000000)
 Metaspace       used 82104K, committed 83712K, reserved 1179648K
  class space    used 8456K, committed 9216K, reserved 1048576K
}
Event: 2007.421 GC heap after
{Heap after GC invocations=3459 (full 9):
 PSYoungGen      total 4608K, used 1824K [0x00000000d5580000, 0x00000000d5d00000, 0x0000000100000000)
  eden space 2560K, 0% used [0x00000000d5580000,0x00000000d5580000,0x00000000d5800000)
  from space 2048K, 89% used [0x00000000d5b00000,0x00000000d5cc8000,0x00000000d5d00000)
  to   space 2048K, 0% used [0x00000000d5900000,0x00000000d5900000,0x00000000d5b00000)
 ParOldGen       total 558592K, used 558129K [0x0000000080000000, 0x00000000a2180000, 0x00000000d5580000)
  object space 558592K, 99% used [0x0000000080000000,0x00000000a210c438,0x00000000a2180000)
 Metaspace       used 82104K, committed 83712K, reserved 1179648K
  class space    used 8456K, committed 9216K, reserved 1048576K
}
Event: 2059.817 GC heap before
{Heap before GC invocations=3460 (full 9):
 PSYoungGen      total 4608K, used 4374K [0x00000000d5580000, 0x00000000d5d00000, 0x0000000100000000)
  eden space 2560K, 99% used [0x00000000d5580000,0x00000000d57fd9e8,0x00000000d5800000)
  from space 2048K, 89% used [0x00000000d5b00000,0x00000000d5cc8000,0x00000000d5d00000)
  to   space 2048K, 0% used [0x00000000d5900000,0x00000000d5900000,0x00000000d5b00000)
 ParOldGen       total 558592K, used 558129K [0x0000000080000000, 0x00000000a2180000, 0x00000000d5580000)
  object space 558592K, 99% used [0x0000000080000000,0x00000000a210c438,0x00000000a2180000)
 Metaspace       used 82104K, committed 83712K, reserved 1179648K
  class space    used 8456K, committed 9216K, reserved 1048576K
}
Event: 2059.866 GC heap after
{Heap after GC invocations=3460 (full 9):
 PSYoungGen      total 3072K, used 256K [0x00000000d5580000, 0x00000000d5b80000, 0x0000000100000000)
  eden space 2560K, 0% used [0x00000000d5580000,0x00000000d5580000,0x00000000d5800000)
  from space 512K, 50% used [0x00000000d5900000,0x00000000d5940000,0x00000000d5980000)
  to   space 1024K, 0% used [0x00000000d5a80000,0x00000000d5a80000,0x00000000d5b80000)
 ParOldGen       total 560128K, used 559817K [0x0000000080000000, 0x00000000a2300000, 0x00000000d5580000)
  object space 560128K, 99% used [0x0000000080000000,0x00000000a22b2438,0x00000000a2300000)
 Metaspace       used 82104K, committed 83712K, reserved 1179648K
  class space    used 8456K, committed 9216K, reserved 1048576K
}
Event: 2125.997 GC heap before
{Heap before GC invocations=3461 (full 9):
 PSYoungGen      total 3072K, used 2816K [0x00000000d5580000, 0x00000000d5b80000, 0x0000000100000000)
  eden space 2560K, 100% used [0x00000000d5580000,0x00000000d5800000,0x00000000d5800000)
  from space 512K, 50% used [0x00000000d5900000,0x00000000d5940000,0x00000000d5980000)
  to   space 1024K, 0% used [0x00000000d5a80000,0x00000000d5a80000,0x00000000d5b80000)
 ParOldGen       total 560128K, used 559817K [0x0000000080000000, 0x00000000a2300000, 0x00000000d5580000)
  object space 560128K, 99% used [0x0000000080000000,0x00000000a22b2438,0x00000000a2300000)
 Metaspace       used 82110K, committed 83712K, reserved 1179648K
  class space    used 8456K, committed 9216K, reserved 1048576K
}
Event: 2126.004 GC heap after
{Heap after GC invocations=3461 (full 9):
 PSYoungGen      total 3072K, used 256K [0x00000000d5580000, 0x00000000d5b00000, 0x0000000100000000)
  eden space 2560K, 0% used [0x00000000d5580000,0x00000000d5580000,0x00000000d5800000)
  from space 512K, 50% used [0x00000000d5a80000,0x00000000d5ac0000,0x00000000d5b00000)
  to   space 512K, 0% used [0x00000000d5900000,0x00000000d5900000,0x00000000d5980000)
 ParOldGen       total 560128K, used 559905K [0x0000000080000000, 0x00000000a2300000, 0x00000000d5580000)
  object space 560128K, 99% used [0x0000000080000000,0x00000000a22c8438,0x00000000a2300000)
 Metaspace       used 82110K, committed 83712K, reserved 1179648K
  class space    used 8456K, committed 9216K, reserved 1048576K
}
Event: 2248.406 GC heap before
{Heap before GC invocations=3462 (full 9):
 PSYoungGen      total 3072K, used 2816K [0x00000000d5580000, 0x00000000d5b00000, 0x0000000100000000)
  eden space 2560K, 100% used [0x00000000d5580000,0x00000000d5800000,0x00000000d5800000)
  from space 512K, 50% used [0x00000000d5a80000,0x00000000d5ac0000,0x00000000d5b00000)
  to   space 512K, 0% used [0x00000000d5900000,0x00000000d5900000,0x00000000d5980000)
 ParOldGen       total 560128K, used 559905K [0x0000000080000000, 0x00000000a2300000, 0x00000000d5580000)
  object space 560128K, 99% used [0x0000000080000000,0x00000000a22c8438,0x00000000a2300000)
 Metaspace       used 82110K, committed 83712K, reserved 1179648K
  class space    used 8456K, committed 9216K, reserved 1048576K
}
Event: 2248.543 GC heap after
{Heap after GC invocations=3462 (full 9):
 PSYoungGen      total 3072K, used 192K [0x00000000d5580000, 0x00000000d5b00000, 0x0000000100000000)
  eden space 2560K, 0% used [0x00000000d5580000,0x00000000d5580000,0x00000000d5800000)
  from space 512K, 37% used [0x00000000d5900000,0x00000000d5930000,0x00000000d5980000)
  to   space 512K, 0% used [0x00000000d5a80000,0x00000000d5a80000,0x00000000d5b00000)
 ParOldGen       total 560128K, used 559993K [0x0000000080000000, 0x00000000a2300000, 0x00000000d5580000)
  object space 560128K, 99% used [0x0000000080000000,0x00000000a22de438,0x00000000a2300000)
 Metaspace       used 82110K, committed 83712K, reserved 1179648K
  class space    used 8456K, committed 9216K, reserved 1048576K
}
Event: 2376.563 GC heap before
{Heap before GC invocations=3463 (full 9):
 PSYoungGen      total 3072K, used 2751K [0x00000000d5580000, 0x00000000d5b00000, 0x0000000100000000)
  eden space 2560K, 99% used [0x00000000d5580000,0x00000000d57fffe0,0x00000000d5800000)
  from space 512K, 37% used [0x00000000d5900000,0x00000000d5930000,0x00000000d5980000)
  to   space 512K, 0% used [0x00000000d5a80000,0x00000000d5a80000,0x00000000d5b00000)
 ParOldGen       total 560128K, used 559993K [0x0000000080000000, 0x00000000a2300000, 0x00000000d5580000)
  object space 560128K, 99% used [0x0000000080000000,0x00000000a22de438,0x00000000a2300000)
 Metaspace       used 82110K, committed 83712K, reserved 1179648K
  class space    used 8456K, committed 9216K, reserved 1048576K
}
Event: 2376.696 GC heap after
{Heap after GC invocations=3463 (full 9):
 PSYoungGen      total 3072K, used 192K [0x00000000d5580000, 0x00000000d5b00000, 0x0000000100000000)
  eden space 2560K, 0% used [0x00000000d5580000,0x00000000d5580000,0x00000000d5800000)
  from space 512K, 37% used [0x00000000d5a80000,0x00000000d5ab0000,0x00000000d5b00000)
  to   space 512K, 0% used [0x00000000d5900000,0x00000000d5900000,0x00000000d5980000)
 ParOldGen       total 560128K, used 559993K [0x0000000080000000, 0x00000000a2300000, 0x00000000d5580000)
  object space 560128K, 99% used [0x0000000080000000,0x00000000a22de438,0x00000000a2300000)
 Metaspace       used 82110K, committed 83712K, reserved 1179648K
  class space    used 8456K, committed 9216K, reserved 1048576K
}
Event: 2512.161 GC heap before
{Heap before GC invocations=3464 (full 9):
 PSYoungGen      total 3072K, used 2752K [0x00000000d5580000, 0x00000000d5b00000, 0x0000000100000000)
  eden space 2560K, 100% used [0x00000000d5580000,0x00000000d5800000,0x00000000d5800000)
  from space 512K, 37% used [0x00000000d5a80000,0x00000000d5ab0000,0x00000000d5b00000)
  to   space 512K, 0% used [0x00000000d5900000,0x00000000d5900000,0x00000000d5980000)
 ParOldGen       total 560128K, used 559993K [0x0000000080000000, 0x00000000a2300000, 0x00000000d5580000)
  object space 560128K, 99% used [0x0000000080000000,0x00000000a22de438,0x00000000a2300000)
 Metaspace       used 82110K, committed 83712K, reserved 1179648K
  class space    used 8456K, committed 9216K, reserved 1048576K
}
Event: 2512.322 GC heap after
{Heap after GC invocations=3464 (full 9):
 PSYoungGen      total 3072K, used 160K [0x00000000d5580000, 0x00000000d5b00000, 0x0000000100000000)
  eden space 2560K, 0% used [0x00000000d5580000,0x00000000d5580000,0x00000000d5800000)
  from space 512K, 31% used [0x00000000d5900000,0x00000000d5928000,0x00000000d5980000)
  to   space 512K, 0% used [0x00000000d5a80000,0x00000000d5a80000,0x00000000d5b00000)
 ParOldGen       total 560128K, used 559993K [0x0000000080000000, 0x00000000a2300000, 0x00000000d5580000)
  object space 560128K, 99% used [0x0000000080000000,0x00000000a22de438,0x00000000a2300000)
 Metaspace       used 82110K, committed 83712K, reserved 1179648K
  class space    used 8456K, committed 9216K, reserved 1048576K
}
Event: 2653.023 GC heap before
{Heap before GC invocations=3465 (full 9):
 PSYoungGen      total 3072K, used 2719K [0x00000000d5580000, 0x00000000d5b00000, 0x0000000100000000)
  eden space 2560K, 99% used [0x00000000d5580000,0x00000000d57ffff8,0x00000000d5800000)
  from space 512K, 31% used [0x00000000d5900000,0x00000000d5928000,0x00000000d5980000)
  to   space 512K, 0% used [0x00000000d5a80000,0x00000000d5a80000,0x00000000d5b00000)
 ParOldGen       total 560128K, used 559993K [0x0000000080000000, 0x00000000a2300000, 0x00000000d5580000)
  object space 560128K, 99% used [0x0000000080000000,0x00000000a22de438,0x00000000a2300000)
 Metaspace       used 82117K, committed 83712K, reserved 1179648K
  class space    used 8456K, committed 9216K, reserved 1048576K
}
Event: 2653.253 GC heap after
{Heap after GC invocations=3465 (full 9):
 PSYoungGen      total 3072K, used 192K [0x00000000d5580000, 0x00000000d5b00000, 0x0000000100000000)
  eden space 2560K, 0% used [0x00000000d5580000,0x00000000d5580000,0x00000000d5800000)
  from space 512K, 37% used [0x00000000d5a80000,0x00000000d5ab0000,0x00000000d5b00000)
  to   space 512K, 0% used [0x00000000d5900000,0x00000000d5900000,0x00000000d5980000)
 ParOldGen       total 560128K, used 560001K [0x0000000080000000, 0x00000000a2300000, 0x00000000d5580000)
  object space 560128K, 99% used [0x0000000080000000,0x00000000a22e0438,0x00000000a2300000)
 Metaspace       used 82117K, committed 83712K, reserved 1179648K
  class space    used 8456K, committed 9216K, reserved 1048576K
}
Event: 2792.978 GC heap before
{Heap before GC invocations=3466 (full 9):
 PSYoungGen      total 3072K, used 2752K [0x00000000d5580000, 0x00000000d5b00000, 0x0000000100000000)
  eden space 2560K, 100% used [0x00000000d5580000,0x00000000d5800000,0x00000000d5800000)
  from space 512K, 37% used [0x00000000d5a80000,0x00000000d5ab0000,0x00000000d5b00000)
  to   space 512K, 0% used [0x00000000d5900000,0x00000000d5900000,0x00000000d5980000)
 ParOldGen       total 560128K, used 560001K [0x0000000080000000, 0x00000000a2300000, 0x00000000d5580000)
  object space 560128K, 99% used [0x0000000080000000,0x00000000a22e0438,0x00000000a2300000)
 Metaspace       used 82117K, committed 83712K, reserved 1179648K
  class space    used 8456K, committed 9216K, reserved 1048576K
}
Event: 2793.179 GC heap after
{Heap after GC invocations=3466 (full 9):
 PSYoungGen      total 3072K, used 192K [0x00000000d5580000, 0x00000000d5b00000, 0x0000000100000000)
  eden space 2560K, 0% used [0x00000000d5580000,0x00000000d5580000,0x00000000d5800000)
  from space 512K, 37% used [0x00000000d5900000,0x00000000d5930000,0x00000000d5980000)
  to   space 512K, 0% used [0x00000000d5a80000,0x00000000d5a80000,0x00000000d5b00000)
 ParOldGen       total 560128K, used 560009K [0x0000000080000000, 0x00000000a2300000, 0x00000000d5580000)
  object space 560128K, 99% used [0x0000000080000000,0x00000000a22e2438,0x00000000a2300000)
 Metaspace       used 82117K, committed 83712K, reserved 1179648K
  class space    used 8456K, committed 9216K, reserved 1048576K
}
Event: 2940.571 GC heap before
{Heap before GC invocations=3467 (full 9):
 PSYoungGen      total 3072K, used 2752K [0x00000000d5580000, 0x00000000d5b00000, 0x0000000100000000)
  eden space 2560K, 100% used [0x00000000d5580000,0x00000000d5800000,0x00000000d5800000)
  from space 512K, 37% used [0x00000000d5900000,0x00000000d5930000,0x00000000d5980000)
  to   space 512K, 0% used [0x00000000d5a80000,0x00000000d5a80000,0x00000000d5b00000)
 ParOldGen       total 560128K, used 560009K [0x0000000080000000, 0x00000000a2300000, 0x00000000d5580000)
  object space 560128K, 99% used [0x0000000080000000,0x00000000a22e2438,0x00000000a2300000)
 Metaspace       used 82118K, committed 83712K, reserved 1179648K
  class space    used 8456K, committed 9216K, reserved 1048576K
}
Event: 2940.961 GC heap after
{Heap after GC invocations=3467 (full 9):
 PSYoungGen      total 3072K, used 160K [0x00000000d5580000, 0x00000000d5b00000, 0x0000000100000000)
  eden space 2560K, 0% used [0x00000000d5580000,0x00000000d5580000,0x00000000d5800000)
  from space 512K, 31% used [0x00000000d5a80000,0x00000000d5aa8000,0x00000000d5b00000)
  to   space 512K, 0% used [0x00000000d5900000,0x00000000d5900000,0x00000000d5980000)
 ParOldGen       total 560128K, used 560009K [0x0000000080000000, 0x00000000a2300000, 0x00000000d5580000)
  object space 560128K, 99% used [0x0000000080000000,0x00000000a22e2438,0x00000000a2300000)
 Metaspace       used 82118K, committed 83712K, reserved 1179648K
  class space    used 8456K, committed 9216K, reserved 1048576K
}

